<?xml version="1.0" encoding="UTF-8"?>
<testng-results skipped="0" failed="0" ignored="0" total="1" passed="1">
  <reporter-output>
  </reporter-output>
  <suite name="Default suite" duration-ms="22207" started-at="2019-02-18T13:08:13Z" finished-at="2019-02-18T13:08:35Z">
    <groups>
    </groups>
    <test name="Default test" duration-ms="22207" started-at="2019-02-18T13:08:13Z" finished-at="2019-02-18T13:08:35Z">
      <class name="TestScripts.TC2_AddEmp">
        <test-method status="PASS" signature="AddEmployee()[pri:0, instance:TestScripts.TC2_AddEmp@1832929]" name="AddEmployee" duration-ms="22171" started-at="2019-02-18T13:08:13Z" finished-at="2019-02-18T13:08:35Z">
          <reporter-output>
          </reporter-output>
        </test-method> <!-- AddEmployee -->
      </class> <!-- TestScripts.TC2_AddEmp -->
    </test> <!-- Default test -->
  </suite> <!-- Default suite -->
</testng-results>
