<?xml version="1.0" encoding="UTF-8"?>
<testng-results skipped="0" failed="0" ignored="0" total="1" passed="1">
  <reporter-output>
  </reporter-output>
  <suite name="Failed suite [HRM Automation]" duration-ms="20731" started-at="2019-02-13T11:41:03Z" finished-at="2019-02-13T11:41:23Z">
    <groups>
    </groups>
    <test name="TestScripts(failed)" duration-ms="20731" started-at="2019-02-13T11:41:03Z" finished-at="2019-02-13T11:41:23Z">
      <class name="TestScripts.TC2_AddEmp">
        <test-method status="PASS" signature="AddEmployee()[pri:0, instance:TestScripts.TC2_AddEmp@1ce4f0a]" name="AddEmployee" duration-ms="20698" started-at="2019-02-13T11:41:03Z" finished-at="2019-02-13T11:41:23Z">
          <reporter-output>
          </reporter-output>
        </test-method> <!-- AddEmployee -->
      </class> <!-- TestScripts.TC2_AddEmp -->
    </test> <!-- TestScripts(failed) -->
  </suite> <!-- Failed suite [HRM Automation] -->
</testng-results>
